Using pre-set license
Built from '2020.3/staging' branch; Version is '2020.3.11f1 (99c7afb366b3) revision 10078127'; Using compiler version '192528614'; Build Type 'Release'
OS: 'Windows 10 Home; OS build 19042.1052; Version 2009; 64bit' Language: 'es' Physical Memory: 7880 MB
BatchMode: 1, IsHumanControllingUs: 0, StartBugReporterOnCrash: 0, Is64bit: 1, IsPro: 0

 COMMAND LINE ARGUMENTS:
C:\Program Files\Unity\Hub\Editor\2020.3.11f1\Editor\Unity.exe
-adb2
-batchMode
-noUpm
-name
AssetImportWorker0
-projectPath
C:/Users/franw/Proyecto Unity/Juego Rpg Proyecto
-logFile
Logs/AssetImportWorker0.log
-srvPort
57483
Successfully changed project path to: C:/Users/franw/Proyecto Unity/Juego Rpg Proyecto
C:/Users/franw/Proyecto Unity/Juego Rpg Proyecto
Using Asset Import Pipeline V2.
Refreshing native plugins compatible for Editor in 41.71 ms, found 3 plugins.
Preloading 0 native plugins for Editor in 0.00 ms.
Initialize engine version: 2020.3.11f1 (99c7afb366b3)
[Subsystems] Discovering subsystems at path C:/Program Files/Unity/Hub/Editor/2020.3.11f1/Editor/Data/Resources/UnitySubsystems
[Subsystems] Discovering subsystems at path C:/Users/franw/Proyecto Unity/Juego Rpg Proyecto/Assets
GfxDevice: creating device client; threaded=0
Direct3D:
    Version:  Direct3D 11.0 [level 11.1]
    Renderer: Intel(R) Iris(R) Plus Graphics (ID=0x8a52)
    Vendor:   
    VRAM:     3940 MB
    Driver:   26.20.100.7926
Initialize mono
Mono path[0] = 'C:/Program Files/Unity/Hub/Editor/2020.3.11f1/Editor/Data/Managed'
Mono path[1] = 'C:/Program Files/Unity/Hub/Editor/2020.3.11f1/Editor/Data/MonoBleedingEdge/lib/mono/unityjit'
Mono config path = 'C:/Program Files/Unity/Hub/Editor/2020.3.11f1/Editor/Data/MonoBleedingEdge/etc'
Using monoOptions --debugger-agent=transport=dt_socket,embedding=1,server=y,suspend=n,address=127.0.0.1:56348
Begin MonoManager ReloadAssembly
Registering precompiled unity dll's ...
Register platform support module: C:/Program Files/Unity/Hub/Editor/2020.3.11f1/Editor/Data/PlaybackEngines/WindowsStandaloneSupport/UnityEditor.WindowsStandalone.Extensions.dll
Registered in 0.001806 seconds.
Native extension for WindowsStandalone target not found
Refreshing native plugins compatible for Editor in 45.71 ms, found 3 plugins.
Preloading 0 native plugins for Editor in 0.00 ms.
Mono: successfully reloaded assembly
- Completed reload, in  1.046 seconds
Platform modules already initialized, skipping
Registering precompiled user dll's ...
Registered in 0.003545 seconds.
Begin MonoManager ReloadAssembly
Native extension for WindowsStandalone target not found
Refreshing native plugins compatible for Editor in 42.85 ms, found 3 plugins.
Preloading 0 native plugins for Editor in 0.00 ms.
Mono: successfully reloaded assembly
- Completed reload, in  1.143 seconds
Platform modules already initialized, skipping
========================================================================
Worker process is ready to serve import requests
Launched and connected shader compiler UnityShaderCompiler.exe after 0.04 seconds
Refreshing native plugins compatible for Editor in 0.44 ms, found 3 plugins.
Preloading 0 native plugins for Editor in 0.00 ms.
Unloading 2082 Unused Serialized files (Serialized files now loaded: 0)
System memory in use before: 93.0 MB.
System memory in use after: 93.0 MB.

Unloading 32 unused Assets to reduce memory usage. Loaded Objects now: 2518.
Total: 3.992200 ms (FindLiveObjects: 0.169500 ms CreateObjectMapping: 0.074000 ms MarkObjects: 3.525200 ms  DeleteObjects: 0.221800 ms)

========================================================================
Received Import Request.
  path: Assets/Sprites/Woodcutter_walk.png
  artifactKey: Guid(54c5cbc4c0ff7ff4799ea68ca6d8938e) Importer(815301076,1909f56bfc062723c751e8b465ee728b)
Start importing Assets/Sprites/Woodcutter_walk.png using Guid(54c5cbc4c0ff7ff4799ea68ca6d8938e) Importer(815301076,1909f56bfc062723c751e8b465ee728b)  -> (artifact id: 'c8a3715528da4c6cc5b5b5d09f3856fb') in 0.128313 seconds
  Import took 0.133369 seconds .

========================================================================
Received Import Request.
  Time since last request: 0.000250 seconds.
  path: Assets/Sprites/Woodcutter.png
  artifactKey: Guid(3b38ed7836317b146b77c4a0bfb9b945) Importer(815301076,1909f56bfc062723c751e8b465ee728b)
Start importing Assets/Sprites/Woodcutter.png using Guid(3b38ed7836317b146b77c4a0bfb9b945) Importer(815301076,1909f56bfc062723c751e8b465ee728b)  -> (artifact id: 'd32281e846a19cfa2097f0513e75230f') in 0.017171 seconds
  Import took 0.022079 seconds .

========================================================================
Received Import Request.
  Time since last request: 0.000336 seconds.
  path: Assets/Sprites/Woodcutter_run.png
  artifactKey: Guid(77b7a356e0230864286084d8b1a7eb09) Importer(815301076,1909f56bfc062723c751e8b465ee728b)
Start importing Assets/Sprites/Woodcutter_run.png using Guid(77b7a356e0230864286084d8b1a7eb09) Importer(815301076,1909f56bfc062723c751e8b465ee728b)  -> (artifact id: 'a4efd0710a077d02f656e76580b35166') in 0.018666 seconds
  Import took 0.028075 seconds .

========================================================================
Received Import Request.
  Time since last request: 109.697907 seconds.
  path: Assets/Sprites/Woodcutter_run.png
  artifactKey: Guid(77b7a356e0230864286084d8b1a7eb09) Importer(815301076,1909f56bfc062723c751e8b465ee728b)
Start importing Assets/Sprites/Woodcutter_run.png using Guid(77b7a356e0230864286084d8b1a7eb09) Importer(815301076,1909f56bfc062723c751e8b465ee728b)  -> (artifact id: '2e4afe0094eb3d4cb6d1b922d3f9ee46') in 0.016207 seconds
  Import took 0.023547 seconds .

========================================================================
Received Import Request.
  Time since last request: 51.211015 seconds.
  path: Assets/Sprites/Woodcutter_run.png
  artifactKey: Guid(77b7a356e0230864286084d8b1a7eb09) Importer(815301076,1909f56bfc062723c751e8b465ee728b)
Start importing Assets/Sprites/Woodcutter_run.png using Guid(77b7a356e0230864286084d8b1a7eb09) Importer(815301076,1909f56bfc062723c751e8b465ee728b)  -> (artifact id: '677995eb82d6e92c38531fc23d152822') in 0.019589 seconds
  Import took 0.024828 seconds .

========================================================================
Received Import Request.
  Time since last request: 95.866280 seconds.
  path: Assets/Sprites/Woodcutter_run.png
  artifactKey: Guid(77b7a356e0230864286084d8b1a7eb09) Importer(815301076,1909f56bfc062723c751e8b465ee728b)
Start importing Assets/Sprites/Woodcutter_run.png using Guid(77b7a356e0230864286084d8b1a7eb09) Importer(815301076,1909f56bfc062723c751e8b465ee728b)  -> (artifact id: 'd3d5c58f12228366b1be98dfee072fe3') in 0.032358 seconds
  Import took 0.036951 seconds .

========================================================================
Received Import Request.
  Time since last request: 30.518395 seconds.
  path: Assets/Sprites/Woodcutter_walk.png
  artifactKey: Guid(54c5cbc4c0ff7ff4799ea68ca6d8938e) Importer(815301076,1909f56bfc062723c751e8b465ee728b)
Start importing Assets/Sprites/Woodcutter_walk.png using Guid(54c5cbc4c0ff7ff4799ea68ca6d8938e) Importer(815301076,1909f56bfc062723c751e8b465ee728b)  -> (artifact id: '8ce66aedfc00af5434b150b8ab1d7f8f') in 0.021698 seconds
  Import took 0.027855 seconds .

========================================================================
Received Import Request.
  Time since last request: 14.453868 seconds.
  path: Assets/Sprites/Woodcutter_walk.png
  artifactKey: Guid(54c5cbc4c0ff7ff4799ea68ca6d8938e) Importer(815301076,1909f56bfc062723c751e8b465ee728b)
Start importing Assets/Sprites/Woodcutter_walk.png using Guid(54c5cbc4c0ff7ff4799ea68ca6d8938e) Importer(815301076,1909f56bfc062723c751e8b465ee728b)  -> (artifact id: 'f35a68b0e2a24384a28237084fa23760') in 0.039450 seconds
  Import took 0.045649 seconds .

========================================================================
Received Import Request.
  Time since last request: 122.238488 seconds.
  path: Assets/Sprites/Woodcutter.png
  artifactKey: Guid(3b38ed7836317b146b77c4a0bfb9b945) Importer(815301076,1909f56bfc062723c751e8b465ee728b)
Start importing Assets/Sprites/Woodcutter.png using Guid(3b38ed7836317b146b77c4a0bfb9b945) Importer(815301076,1909f56bfc062723c751e8b465ee728b)  -> (artifact id: 'b15b50ea60211736eb1bf7d72394433c') in 0.020188 seconds
  Import took 0.025388 seconds .

========================================================================
Received Import Request.
  Time since last request: 0.005887 seconds.
  path: Assets/Sprites/Woodcutter.png
  artifactKey: Guid(3b38ed7836317b146b77c4a0bfb9b945) Importer(815301076,1909f56bfc062723c751e8b465ee728b)
Start importing Assets/Sprites/Woodcutter.png using Guid(3b38ed7836317b146b77c4a0bfb9b945) Importer(815301076,1909f56bfc062723c751e8b465ee728b)  -> (artifact id: 'b15b50ea60211736eb1bf7d72394433c') in 0.012039 seconds
  Import took 0.019192 seconds .

AssetImportWorkerClient::OnTransportError - code=2 error=End of file
